Channel Data Report              1/31/19  3:38:24 PM              Page  1


         *******************************************************
         *****   S P E C T R A L   D A T A   R E P O R T   *****
         *******************************************************


         *****         Sample ID:                          *****

         Elapsed Live time:      1447
         Elapsed Real Time:      1800

Channel|------|-------|-------|-------|-------|-------|-------|-------|
    1:       0       0       0       0       0       0       0       0
    9:       0       0       0       0       0       0       0       0
   17:       0       0       0       0       0       0       0       0
   25:       0       0       0       0       5     569    1306    1312
   33:    1348    1317    1367    1368    1322    1280    1380    1320
   41:    1396    1284    1339    1343    1349    1334    1376    1337
   49:    1377    1340    1274    1348    1408    1344    1331    1402
   57:    1346    1333    1379    1399    1334    1329    1337    1365
   65:    1354    1336    1391    1303    1345    1445    1394    1280
   73:    1383    1358    1426    1429    1466    1401    1413    1371
   81:    1474    1423    1458    1531    1467    1478    1449    1521
   89:    1495    1432    1526    1504    1445    1516    1419    1529
   97:    1551    1504    1469    1543    1519    1545    1520    1549
  105:    1466    1572    1560    1630    1465    1527    1565    1663
  113:    1591    1582    1646    1591    1655    1734    1723    1679
  121:    1641    1727    1760    1768    1848    1792    1817    1760
  129:    1746    1832    1771    1771    1814    1838    1879    1841
  137:    1820    1876    1788    1867    1838    1941    1909    1889
  145:    1973    1947    1939    1968    2023    1949    1914    1973
  153:    2011    1955    2048    1971    2022    2026    2070    2065
  161:    2110    2106    2010    2085    2047    2046    2071    2196
  169:    2181    2127    2188    2147    2225    2222    2246    2107
  177:    2234    2174    2270    2217    2235    2217    2275    2294
  185:    2397    2357    2273    2463    2433    2387    2378    2501
  193:    2595    2638    2656    2634    2701    2603    2645    2590
  201:    2614    2548    2589    2544    2620    2668    2465    2591
  209:    2573    2561    2565    2607    2617    2706    2668    2637
  217:    2701    2713    2676    2718    2756    2738    2861    2815
  225:    2751    2720    2836    2850    2828    2818    2757    2865
  233:    2756    2710    2722    2812    2903    2644    2731    2688
  241:    2794    2720    2767    2727    2775    2618    2695    2697
  249:    2654    2708    2575    2692    2682    2579    2539    2581
  257:    2553    2433    2491    2419    2528    2408    2329    2336
  265:    2363    2308    2192    2107    2213    2113    2039    2126
  273:    1995    1925    1963    1885    1883    1874    1836    1852
  281:    1986    1899    1829    1715    1751    1687    1560    1583
  289:    1391    1446    1299    1337    1316    1272    1176    1176
  297:    1219    1112    1129    1083    1107    1018    1035     977
  305:     964     969     960     867     947     898     902     853
  313:     858     870     840     827     809     814     774     702
  321:     681     689     712     731     652     648     656     651
  329:     656     634     570     606     624     526     551     612
  337:     573     499     532     515     511     529     539     520
  345:     545     538     512     486     474     483     458     445
  353:     431     419     411     478     398     387     424     414
  361:     413     395     373     402     369     367     380     338
Channel Data Report              1/31/19  3:38:24 PM              Page  2

  369:     393     383     360     341     331     379     345     354

         ****          Sample ID:                           ****

Channel|------|-------|-------|-------|-------|-------|-------|-------|
  377:     304     354     334     325     341     337     324     333
  385:     318     320     296     283     281     317     293     278
  393:     319     314     307     284     319     309     321     284
  401:     274     286     245     284     235     293     274     255
  409:     278     278     263     287     290     260     255     252
  417:     240     274     252     242     243     261     258     215
  425:     257     252     232     233     228     262     246     233
  433:     217     239     238     257     275     238     249     260
  441:     247     252     268     258     257     226     228     244
  449:     249     232     210     260     268     234     266     235
  457:     241     241     230     236     229     235     223     235
  465:     234     231     262     248     274     306     373     513
  473:     591     824     919    1167    1493    1576    1682    1715
  481:    1793    1599    1449    1110     878     656     466     383
  489:     284     232     223     231     209     201     211     238
  497:     245     240     217     215     235     246     241     251
  505:     211     215     210     205     212     219     212     221
  513:     208     219     227     239     238     249     247     285
  521:     272     294     320     295     275     277     272     247
  529:     240     240     222     226     237     241     272     331
  537:     376     429     510     620     675     700     619     609
  545:     511     455     382     286     278     285     283     285
  553:     282     292     314     287     243     243     222     228
  561:     208     217     221     236     233     222     214     225
  569:     221     217     236     233     213     223     220     214
  577:     230     230     240     220     229     229     232     215
  585:     249     226     259     237     269     267     261     298
  593:     259     243     255     257     236     246     275     254
  601:     253     250     270     245     267     307     283     284
  609:     239     284     233     271     282     268     279     277
  617:     329     270     281     297     296     292     321     306
  625:     317     289     337     335     360     332     380     373
  633:     390     406     410     354     417     400     442     435
  641:     458     445     399     403     404     389     390     405
  649:     416     399     462     397     426     421     419     415
  657:     445     418     473     445     482     442     410     454
  665:     473     486     490     513     508     514     518     519
  673:     526     547     573     532     549     561     550     573
  681:     616     605     629     636     638     655     641     656
  689:     674     722     651     731     688     786     749     769
  697:     745     778     750     800     805     820     823     808
  705:     868     846     930     911     968     922    1015     989
  713:     955    1007     962    1068    1044    1094    1094    1122
  721:    1129    1164    1203    1256    1274    1222    1276    1308
  729:    1308    1351    1386    1333    1395    1408    1436    1427
  737:    1531    1544    1532    1570    1604    1674    1611    1719
  745:    1725    1771    1836    1873    1924    1873    1962    1935
  753:    2065    2030    2031    2057    2141    2127    2124    2203
  761:    2286    2227    2205    2303    2307    2265    2357    2271
  769:    2360    2400    2294    2410    2400    2392    2543    2455
  777:    2396    2527    2436    2453    2474    2554    2499    2396
  785:    2448    2459    2430    2567    2504    2579    2576    2645
  793:    2521    2679    2657    2655    2642    2849    2694    2841
Channel Data Report              1/31/19  3:38:24 PM              Page  3

  801:    2916    2775    2867    2895    2955    3010    3017    3058

         ****          Sample ID:                           ****

Channel|------|-------|-------|-------|-------|-------|-------|-------|
  809:    3030    3197    3221    3239    3342    3435    3466    3464
  817:    3452    3586    3566    3559    3599    3771    3800    3838
  825:    3907    3981    4082    4131    4235    4203    4357    4299
  833:    4322    4548    4421    4562    4636    4762    4744    4973
  841:    4932    4803    5151    5126    5280    5210    5282    5416
  849:    5583    5651    5728    5882    5721    5866    6082    6135
  857:    6238    6334    6532    6518    6605    6672    6914    6895
  865:    7205    7276    7309    7328    7542    7688    7639    7934
  873:    7995    8067    8057    8500    8652    8633    8782    8884
  881:    9011    9255    9288    9534    9676    9832    9881   10196
  889:   10390   10363   10533   10752   11152   11278   11409   11419
  897:   11809   12239   12141   12489   12741   12956   13101   13310
  905:   13702   14042   14384   14609   14878   14853   15234   15724
  913:   15560   16066   16713   17037   17433   17811   17879   18654
  921:   19041   19691   19872   20816   21422   22098   22920   23662
  929:   24425   25436   26345   27500   28676   30072   31194   32179
  937:   33728   35074   36355   38010   39140   40783   42384   43914
  945:   45682   47319   48298   50250   51477   53010   55210   55960
  953:   57227   58540   60074   60858   62379   62819   63629   64097
  961:   64641   65083   65360   65069   65477   65016   64458   63069
  969:   62764   61688   60832   59496   58411   56877   55182   53375
  977:   51554   50539   48089   46575   44687   43154   41499   40083
  985:   38329   36946   35218   33925   32964   31491   30314   29318
  993:   28604   27558   26584   25757   25024   24434   23803   23148
 1001:   22549   22200   22005   21330   20977   20919   20743   20424
 1009:   20141   19906   19826   20019   19589   19430   19396   19390
 1017:   19485   19457   19478   19453   19328   19428   19653   19594
 1025:   19667   19838   20035   19765   20230   20259   20665   20899
 1033:   20943   21027   21439   21588   21939   22435   22302   23073
 1041:   23107   23596   24239   24512   25491   26023   26515   27368
 1049:   27916   29019   29602   30422   30808   31800   32792   33480
 1057:   34611   35461   36059   36659   37545   38029   38917   39478
 1065:   40175   40721   41309   41285   41832   41947   41659   42232
 1073:   41940   42574   41948   42545   41743   41388   41496   40953
 1081:   40993   40248   40392   39710   39198   39116   38867   38640
 1089:   37763   37372   36420   36629   36531   35714   35550   34493
 1097:   34397   34313   34186   33590   33103   32759   32886   32070
 1105:   31921   31363   31135   31011   30456   30046   29946   29760
 1113:   29601   29133   28977   28891   28694   28534   28220   28216
 1121:   27865   27873   27931   27436   27540   27197   27176   26881
 1129:   26803   26997   27040   26409   26916   26788   26491   26343
 1137:   26552   26173   26213   26048   26224   25991   26240   26209
 1145:   26356   26359   27057   26874   27069   27211   27205   27073
 1153:   27774   27764   27463   27618   27504   27740   27621   27527
 1161:   27883   27841   27597   28031   28053   27874   28237   28790
 1169:   28763   29093   29259   29863   29785   30770   30651   31231
 1177:   31806   32391   32248   32873   32713   32861   33166   32671
 1185:   32554   33070   33002   33269   33599   33448   34080   34047
 1193:   34741   34820   35514   35461   36073   36265   36694   37201
 1201:   37459   38196   37935   38773   39461   39875   40029   40431
 1209:   40581   41183   41597   42405   42820   43660   43662   44408
 1217:   45119   45505   46098   46688   47282   47675   48744   49017
 1225:   49388   50223   50816   51112   52860   52466   53453   54213
Channel Data Report              1/31/19  3:38:24 PM              Page  4

 1233:   54564   55552   55595   57491   57858   58532   59167   59977

         ****          Sample ID:                           ****

Channel|------|-------|-------|-------|-------|-------|-------|-------|
 1241:   61121   62256   62160   63450   64150   65208   66099   66913
 1249:   67879   69110   69867   71031   72219   73067   74318   74755
 1257:   76667   76895   77910   79760   80671   82131   83139   84624
 1265:   86672   87974   89418   91042   92945   94290   96059   98388
 1273:  100202  102328  104369  107629  110223  113030  116908  120386
 1281:  123994  128361  133110  137486  142918  148696  154820  161518
 1289:  168276  176445  185724  193505  203295  210723  221260  231557
 1297:  241542  252759  263835  273877  283968  294000  304913  315081
 1305:  325460  333789  342270  353174  360445  368734  374586  381014
 1313:  385909  389877  393339  395539  398213  397753  398663  396505
 1321:  395289  391278  387960  382543  378412  370236  364754  358060
 1329:  349658  342072  334075  325026  315489  306401  297292  287815
 1337:  278220  270248  261197  248998  241684  232515  224160  215967
 1345:  208139  199268  191289  184506  176645  170229  163159  157107
 1353:  150536  144644  138129  132864  127242  122104  118121  112602
 1361:  108678  104325   99913   96716   92529   88953   84773   82405
 1369:   79072   76588   73563   70632   68163   65930   63484   60737
 1377:   59280   57282   54569   53353   51457   49829   48322   46255
 1385:   45203   43709   42270   41038   39893   38721   37490   36090
 1393:   35322   34740   33342   32873   31385   30905   29753   29431
 1401:   28410   28012   27055   26254   25819   24883   24409   23725
 1409:   23159   22549   22147   21506   20976   20678   19876   19370
 1417:   19415   18619   18013   17701   17553   16940   16676   16171
 1425:   15801   15588   15093   14584   14392   14217   13829   13435
 1433:   13242   12859   12827   12581   12319   12038   11758   11564
 1441:   11542   11607   11220   11129   11037   10774   10746   10450
 1449:   10169    9847    9426    9201    8979    8565    8549    8118
 1457:    7939    7762    7705    7416    7250    7078    7005    6858
 1465:    6901    6702    6528    6335    6199    6136    5989    5854
 1473:    5770    5638    5639    5526    5421    5426    5240    5249
 1481:    5208    5374    5316    5464    5659    5717    5765    5960
 1489:    5915    6099    5802    5789    5461    5120    4723    4427
 1497:    4159    4045    3875    3734    3566    3534    3408    3386
 1505:    3406    3232    3235    3102    3022    3122    3059    2981
 1513:    2950    2940    2838    2740    2752    2667    2628    2563
 1521:    2561    2579    2537    2503    2504    2474    2379    2468
 1529:    2464    2308    2224    2182    2140    2159    2115    2165
 1537:    2159    2051    2082    1951    1980    1961    1955    1954
 1545:    1892    1868    1812    1859    1798    1776    1664    1670
 1553:    1682    1710    1592    1593    1545    1527    1595    1523
 1561:    1519    1506    1455    1487    1489    1536    1421    1345
 1569:    1318    1371    1325    1281    1334    1313    1323    1275
 1577:    1187    1291    1214    1235    1232    1236    1191    1218
 1585:    1178    1059    1072    1089    1071    1081    1126    1085
 1593:    1117    1062    1093    1012     998    1014     999     925
 1601:     960     977     946     910     920     914     942     893
 1609:     942     863     871     870     869     820     783     880
 1617:     785     836     782     778     811     775     789     725
 1625:     749     772     758     787     729     732     724     684
 1633:     677     643     693     673     686     641     662     604
 1641:     632     640     680     607     588     637     645     589
 1649:     580     590     592     578     579     567     557     609
 1657:     567     535     510     558     552     490     506     451
Channel Data Report              1/31/19  3:38:24 PM              Page  5

 1665:     520     518     479     463     497     479     432     488

         ****          Sample ID:                           ****

Channel|------|-------|-------|-------|-------|-------|-------|-------|
 1673:     494     485     543     576     558     509     552     604
 1681:     583     618     631     668     675     688     672     654
 1689:     668     676     601     548     539     464     403     369
 1697:     309     308     314     295     240     252     234     215
 1705:     243     185     219     201     210     199     180     216
 1713:     214     213     204     222     227     210     207     191
 1721:     217     197     219     205     206     235     216     212
 1729:     242     266     275     305     329     313     326     393
 1737:     386     451     538     653     814    1113    1479    1979
 1745:    2551    3194    3896    4406    4748    4922    4934    4451
 1753:    4110    3329    2817    2084    1500     971     625     394
 1761:     233     131      62      44      32      28      31      16
 1769:      26      12      16      25      22      23      28      21
 1777:      23      27      24      32      30      28      29      19
 1785:      37      27      24      25      34      27      33      28
 1793:      29      34      30      25      16      21      25      28
 1801:      30      29      33      30      33      24      25      24
 1809:      27      33      32      25      26      20      36      27
 1817:      41      40      27      26      33      26      30      37
 1825:      25      30      26      34      35      26      31      35
 1833:      35      30      23      31      38      29      34      25
 1841:      32      34      26      39      28      41      42      21
 1849:      37      33      38      40      34      43      34      38
 1857:      39      50      31      40      54      33      37      45
 1865:      33      43      42      47      46      51      45      38
 1873:      36      40      53      47      40      55      53      51
 1881:      40      53      50      46      49      60      70      53
 1889:      60      47      60      49      48      36      53      57
 1897:      60      56      70      63      59      76      57      55
 1905:      62      65      59      76      62      59      67      72
 1913:      66      62      52      66      65      58      69      78
 1921:      75      67      58      74      78      73      73      78
 1929:      76      74      61      61      65      61      87      65
 1937:      66      76      60      75      57      63      80      56
 1945:      60      62      79      61      76      73      74      64
 1953:      84      87      63      72      74      63      70      76
 1961:      62      55      56      58      52      59      77      70
 1969:      65      70      73      61      72      70      66      87
 1977:      70      58      58      63      86      63      68      69
 1985:      73      82      54      71      68      70      94      65
 1993:      69      84      81      62      76      69      85      66
 2001:      84      74     115      72      74      77      82      89
 2009:      73      98      91     103     111      88     107      96
 2017:     110     112      92      90     100     107     102      92
 2025:     102      99     100     111     108     102     116     109
 2033:      99      85     123      94     102     102      90     114
 2041:     105     112     111      95     101     103     142      99
 2049:     112      98     113      97     130     106     109     100
 2057:     125     128     113     106     111     126     111     115
 2065:     122     117     131     126     103     119     105     113
 2073:     100     119     106     142     120     102     126     123
 2081:     118     119     116     114     123     140     134     117
 2089:     137     126     133     114     127     115     107     132
Channel Data Report              1/31/19  3:38:24 PM              Page  6

 2097:     125     122     131     129     134     140     159     129

         ****          Sample ID:                           ****

Channel|------|-------|-------|-------|-------|-------|-------|-------|
 2105:     120     141     145     119     123     143     143     136
 2113:     139     104     132     130     152     107     139     161
 2121:     154     135     144     138     170     143     158     154
 2129:     132     145     164     154     152     170     172     160
 2137:     176     156     158     169     153     173     171     193
 2145:     171     173     170     175     186     199     172     189
 2153:     199     183     163     184     183     185     161     182
 2161:     203     183     179     210     192     188     206     201
 2169:     215     193     209     231     220     213     197     222
 2177:     232     243     235     223     247     236     249     236
 2185:     242     225     233     244     211     248     267     258
 2193:     291     288     248     253     263     257     263     267
 2201:     291     298     290     254     275     282     276     304
 2209:     332     327     287     308     317     296     321     324
 2217:     292     325     375     345     353     345     328     376
 2225:     372     377     388     374     334     369     385     396
 2233:     396     399     417     440     421     432     424     458
 2241:     426     458     450     433     480     490     489     483
 2249:     484     525     506     542     511     518     561     550
 2257:     553     548     523     600     604     564     558     597
 2265:     602     626     585     627     617     672     624     623
 2273:     618     668     644     612     666     616     627     659
 2281:     655     689     631     650     683     645     664     685
 2289:     695     636     659     658     612     636     665     632
 2297:     618     621     656     596     587     551     620     587
 2305:     555     597     562     567     635     548     524     518
 2313:     541     570     504     572     533     555     519     504
 2321:     512     500     506     484     433     505     458     482
 2329:     478     478     494     482     481     454     439     484
 2337:     495     482     456     446     449     466     435     441
 2345:     441     471     494     470     429     466     404     436
 2353:     450     509     480     501     484     436     431     470
 2361:     454     461     463     492     503     505     500     472
 2369:     523     526     501     467     470     517     529     532
 2377:     512     515     530     525     546     505     506     541
 2385:     567     522     555     533     508     542     572     508
 2393:     539     522     552     559     542     566     505     530
 2401:     563     568     545     516     513     520     497     554
 2409:     564     500     494     544     511     560     484     522
 2417:     534     562     529     484     512     490     556     510
 2425:     473     486     528     520     544     516     472     477
 2433:     485     472     492     485     507     495     540     491
 2441:     484     512     464     464     444     492     435     455
 2449:     470     456     487     459     483     466     470     483
 2457:     464     486     434     486     449     470     488     426
 2465:     461     474     467     492     459     456     449     464
 2473:     498     453     455     509     452     474     483     451
 2481:     497     503     453     491     455     471     519     464
 2489:     486     465     486     493     517     486     481     504
 2497:     478     472     483     506     534     527     531     476
 2505:     512     548     554     556     523     563     555     505
 2513:     508     522     543     591     598     571     592     579
 2521:     620     619     558     597     596     614     587     599
Channel Data Report              1/31/19  3:38:24 PM              Page  7

 2529:     678     602     620     603     654     700     641     610

         ****          Sample ID:                           ****

Channel|------|-------|-------|-------|-------|-------|-------|-------|
 2537:     632     647     703     648     648     658     699     696
 2545:     687     698     676     688     698     720     735     644
 2553:     741     738     740     770     810     755     817     764
 2561:     779     794     856     822     832     815     882     849
 2569:     918     904     881     890     924     872     893     928
 2577:     918     956     925     986     928    1041    1040     913
 2585:    1064     984    1094    1054    1150    1143    1146    1092
 2593:    1137    1142    1133    1208    1186    1238    1333    1246
 2601:    1239    1337    1314    1348    1356    1369    1430    1368
 2609:    1382    1465    1549    1565    1585    1517    1586    1642
 2617:    1638    1611    1688    1654    1662    1695    1705    1717
 2625:    1726    1755    1805    1839    1765    1857    1770    1868
 2633:    1864    1868    1829    1847    1828    1776    1892    1861
 2641:    1893    1820    1788    1843    1769    1772    1792    1718
 2649:    1735    1702    1731    1706    1622    1646    1702    1582
 2657:    1596    1511    1585    1550    1410    1528    1420    1441
 2665:    1441    1420    1450    1346    1332    1326    1204    1252
 2673:    1263    1171    1209    1146    1174    1103    1098    1085
 2681:    1089    1056     967     924     996     978     940     863
 2689:     911     839     902     844     761     739     778     770
 2697:     729     715     665     645     688     664     596     645
 2705:     580     548     571     565     564     498     561     492
 2713:     471     458     446     473     425     465     470     417
 2721:     412     402     391     399     410     377     390     333
 2729:     388     327     362     352     311     293     305     326
 2737:     323     294     293     259     281     303     287     251
 2745:     239     249     238     264     228     224     210     215
 2753:     189     200     221     222     232     182     190     208
 2761:     208     203     179     162     160     183     174     159
 2769:     161     167     152     135     162     153     143     142
 2777:     112     145     156     137     139     130     128     147
 2785:     113     123     120     124     114     118      98     108
 2793:     115      87     118     123      98     106     107      92
 2801:      82      98      99      71      81      94      88      92
 2809:      68      96      83      74      71      61      79      83
 2817:      81      70      82      76      72      81      65      79
 2825:      54      57      83      72      68      64      53      79
 2833:      50      63      59      53      57      46      47      69
 2841:      59      51      63      41      51      56      49      47
 2849:      49      44      38      45      54      43      61      33
 2857:      49      38      42      47      31      38      38      44
 2865:      35      40      35      32      39      36      39      35
 2873:      40      31      44      35      38      29      33      37
 2881:      38      41      30      38      35      36      25      28
 2889:      31      29      24      32      27      29      24      30
 2897:      25      30      32      22      26      23      26      19
 2905:      30      24      26      23      18      29      24      22
 2913:      24      20      16      21      18      21      21      18
 2921:      25      23      19      15      22      20      15      22
 2929:      19      23      21      18      12      18      22      19
 2937:      24      11      19      22      18      22      15      22
 2945:      26      19      20      24      26      16      15      17
 2953:      14      21      21       9      18       9      12      17
Channel Data Report              1/31/19  3:38:24 PM              Page  8

 2961:      16      17      22      15      13      16      21      11

         ****          Sample ID:                           ****

Channel|------|-------|-------|-------|-------|-------|-------|-------|
 2969:       4      19      17      18      23      18      11      14
 2977:      14      18      13      15       8      15      10      11
 2985:      13       8      10      15      14      11      14      12
 2993:      15      14      13      15      15      16      15      15
 3001:      11      10      12      14       9      12      18      11
 3009:       6      15      10      12      21      13      13      10
 3017:      13       9      12      12      12      11      13      12
 3025:      13      12      16      15       8       9       4      12
 3033:      12      14       9      16      13      10      17       9
 3041:      14      20      11      11      17       7      14      13
 3049:      20      20      12      14      20      15      11      11
 3057:      16      16      18      16      25      11      14      12
 3065:      23      22      22      18      21      20      13      21
 3073:      14      22      16      17      18       7      21      12
 3081:      10      10      10      16       6      21       6      15
 3089:      20      10      21       9      12       9       7      12
 3097:      15      11       5      10      11      10       9       8
 3105:       9      10       9      11      10       7      10       5
 3113:      10       6      12       4       5      10       4       3
 3121:       5       7       5       5       8       7       3       4
 3129:       5       9       5       5       5       7       2       5
 3137:       6       3       6       5       7       4       8       5
 3145:       4       4       3       7       2      10       3       4
 3153:       8      10       2       8       3       2       3       5
 3161:       8       8       5       5       1       3       5       7
 3169:       6      10       8       2       8       9       3       3
 3177:       2       4       2       5       3       2       3       2
 3185:       5       4       4       5       5       4       4       3
 3193:       4       1       4       4       5       3       4       4
 3201:       5       4       7       0       5       3       7       5
 3209:       3       5       5       4       7       6       0       7
 3217:       4       3       4       3       2       1       1      10
 3225:       2       3       0       5       8       5       2       4
 3233:       2       7       1       2       4       1       1       6
 3241:       2       7       2       3       3       2       0       3
 3249:       5       3       3       5       4       8       7       5
 3257:       2       3       2       4       1       5       3       6
 3265:       5       3       2       4       1       5       1       2
 3273:       8       7       3       3       2       2       5       3
 3281:       8       4       2       6       4       5       1       3
 3289:       2       2       4       7       4       5       4       5
 3297:       5       3       4       3       3       5       4       4
 3305:       3       4       1       3       2       5       1       2
 3313:       2       2       6       1       5       7       6       4
 3321:       5       5       8       4       3       6       5       9
 3329:       4       6       7       5       7       0       6       6
 3337:       3       5       2       7       7       5       1       5
 3345:       5       6       3       3       4       6       7       6
 3353:       7       5       3       5       6       4       6       6
 3361:       5       3       4       6       4       8       7       5
 3369:       9       6       1       5       4       5       1       5
 3377:       5       8       5       2       5       4       2       3
 3385:       6       6       4       5       5       4       2       7
Channel Data Report              1/31/19  3:38:24 PM              Page  9

 3393:       4       5       4       3       6       3       1       6

         ****          Sample ID:                           ****

Channel|------|-------|-------|-------|-------|-------|-------|-------|
 3401:       0       5       3       5      10       5       2       4
 3409:       5       7       6       4       2       5       3       5
 3417:       5       5       7       6       4       4       6       4
 3425:       5       7       3       2       6       2       6      12
 3433:      10       5       2       7       8       2       3       4
 3441:       2       3       1       7       6       3       4      10
 3449:       5       2       7       3       7       7       8       4
 3457:       6       7       9       2       6       6       7       5
 3465:       5       2       7       4       8       4       6       6
 3473:       4      11       2       3       5       3       5       5
 3481:       2       3       6       4       1       6       9       6
 3489:       5       6       7       9       2       7       6       7
 3497:       5       5       6       4       6       6       8       5
 3505:       6       9       4       7       1      10      10       4
 3513:       3      12       9      11       5       3       7       2
 3521:       8       9       9       7       8       4       4       9
 3529:       8       6       2       8      10       7      10       4
 3537:       7       6      11      11       3       5       5       7
 3545:       3       8       3       7       8       6       7      10
 3553:       4       9       6       6       6       7       7       6
 3561:       5       3       7       4      14       8       7       7
 3569:       7       6      11      11       8       7       7       4
 3577:       5       7       3       8       7       7      12      12
 3585:       7       4      10       9       5       5      13       8
 3593:      13      15      11       7      10       5       8      11
 3601:       8      12       9       6       5      10       4       5
 3609:       9       6       7       8      10       9       7       7
 3617:      12       9       8      10      10       7       6       8
 3625:       9      12      10       7       7       8      11       7
 3633:      10      16      15       4       5       3       6       6
 3641:      17       7       6       6       3       6       9       3
 3649:       6       6       9       3      11       8       9       8
 3657:       9       8       5       7      14      12       4       7
 3665:       6       5      10       4       7       6       9       7
 3673:       6      12       8       6       4       4      11       6
 3681:       8       5       3       6      10      10       8       4
 3689:       6       7       5       5      10      12      10       5
 3697:       7      13      10       6      10       7       7      12
 3705:      11       7      10       8       3       4       6       8
 3713:      13       5       2       7       9      10       7       8
 3721:       8       6       5       7      15       5      10      10
 3729:       6      15      11       7       2       8       8       9
 3737:       6      11       5      15       7      12       8       6
 3745:       6      14      11       9       5       4       7       7
 3753:      12       7       8       8       7       6       7      10
 3761:       9       8       8       9       9       8       8       6
 3769:       9       5      10       4       7       8       3       9
 3777:       5       2       9       8      12       0       8       9
 3785:       9       9       8       6       6       4       4      15
 3793:       2       5      11       7       9       3       3      10
 3801:       2       8       5       3       7       6       7      10
 3809:       3       9       7      10       8       9       7       6
 3817:       8       9      15       4       4       6       6       6
Channel Data Report              1/31/19  3:38:24 PM              Page 10

 3825:       5       4      11       7       6       4       7       6

         ****          Sample ID:                           ****

Channel|------|-------|-------|-------|-------|-------|-------|-------|
 3833:       6      13       9       9      10       6      11      11
 3841:       4       8      12       3      10      13      10       3
 3849:       5       8      11       4      12       8       6       8
 3857:      10       4       9       9      10       5       8      12
 3865:      10       9       6       4      10       6      11       6
 3873:      15      10       7      10       7      11      10       7
 3881:       5       5       9      10       4      14      11       9
 3889:      10       7       7       9      15      16      12       7
 3897:      11       7       7       9      13      10      11      13
 3905:       9      18       8       9      10      14      10      14
 3913:      15       6      11      14      11      16      14      11
 3921:      19      10      11      17      13      14       7      15
 3929:       6      11      13      13      10      13      15      11
 3937:      12      11      15      14      16       7      10      21
 3945:       8      11      15       9      14      10      21       9
 3953:      15      14      13      11      11      10       9      11
 3961:      10      11      10      15       9      14      15       9
 3969:       7      12      11       9      16      11       9      13
 3977:       8      12      19       7      14       5      15      11
 3985:       6       6       9      17       9       7       6      11
 3993:      16       9      12      16       7      10       6      11
 4001:      13       9      11      10       8       7       9       5
 4009:       7       4      11      10      12       7       2      11
 4017:       7       6       4       4      11       9       4       7
 4025:       5       5       6       7       6      11       6      13
 4033:       4       5       6       2       3       5       8       8
 4041:       7       1       5       5       4       6       4       3
 4049:       2       4       3      10       7       2       4       4
 4057:       4       2       3       7       9       7       7       5
 4065:      10       3       4       5       1       4       2       4
 4073:       4       4       1       1       2       2       1       4
 4081:       3       4       1       1       3       1       9       4
 4089:       2       1       6       4       4       1       3       1
